<?xml version="1.0" encoding="UTF-8"?>
<!-- Generated by org.testng.reporters.JUnitReportReporter -->
<testsuite skipped="0" hostname="pc" name="Test.Tests" tests="1" failures="0" timestamp="2020-05-06T02:10:35 IST" time="7.143" errors="0">
  <testcase name="Login" time="7.143" classname="Test.Tests"/>
  <system-out/>
</testsuite> <!-- Test.Tests -->
